<?xml version="1.0" encoding="UTF-8"?>
<!-- Generated by org.testng.reporters.JUnitReportReporter -->
<testsuite hostname="Rajeshs-MacBook-Air.local" failures="0" tests="6" name="com.amdocs.testcases.CompleteAppTest" time="92.598" errors="0" timestamp="2023-09-19T13:07:59 IST" skipped="0">
  <testcase classname="com.amdocs.testcases.CompleteAppTest" name="IndexPageTest" time="7.685"/>
  <testcase classname="com.amdocs.testcases.CompleteAppTest" name="LoginPageTest" time="40.579"/>
  <testcase classname="com.amdocs.testcases.CompleteAppTest" name="HomePageTest" time="8.419"/>
  <testcase classname="com.amdocs.testcases.CompleteAppTest" name="SearchPageTest" time="4.234"/>
  <testcase classname="com.amdocs.testcases.CompleteAppTest" name="ProductPageTest" time="12.801"/>
  <testcase classname="com.amdocs.testcases.CompleteAppTest" name="CartPageTest" time="18.880"/>
</testsuite> <!-- com.amdocs.testcases.CompleteAppTest -->
