<?xml version="1.0" encoding="UTF-8"?>
<!-- Generated by org.testng.reporters.JUnitReportReporter -->
<testsuite hostname="Rajeshs-MacBook-Air.local" failures="0" tests="1" name="com.amdocs.testcases.CartPageTest" time="60.269" errors="0" timestamp="2023-09-19T10:24:29 IST" skipped="0">
  <testcase classname="com.amdocs.testcases.CartPageTest" name="searchHomePageTest" time="60.269"/>
</testsuite> <!-- com.amdocs.testcases.CartPageTest -->
